Terminals unused in grammar

   EX_Token
   EF_Token
   EG_Token
   E_Token
   A_Token
   UNTIL_Token
   TIMES_Token
   DIVIDE_Token


Grammar

    0 $accept: start $end

    1 start: modules
    2      | formula

    3 modules: module
    4        | modules module

    5 module: module_head sections

    6 module_name: STRING_Token
    7            | QUOTE_Token

    8 module_head: MODULE_Token module_name

    9 $@1: %empty

   10 module_head: MODULE_Token module_name $@1 '(' module_argument_list_opt ')'

   11 sections: %empty
   12         | section sections

   13 semi_opt: %empty
   14         | ';'

   15 section: VAR_Token vardecls
   16        | VAR_Token
   17        | INIT_Token formula semi_opt
   18        | INIT_Token
   19        | TRANS_Token formula semi_opt
   20        | TRANS_Token
   21        | SPEC_Token formula semi_opt
   22        | SPEC_Token
   23        | ASSIGN_Token assignments
   24        | ASSIGN_Token
   25        | DEFINE_Token defines
   26        | DEFINE_Token
   27        | INVAR_Token formula semi_opt
   28        | INVAR_Token
   29        | FAIRNESS_Token formula semi_opt
   30        | FAIRNESS_Token
   31        | EXTERN_Token extern_var semi_opt
   32        | EXTERN_Token

   33 extern_var: variable_name EQUAL_Token QUOTE_Token

   34 vardecls: vardecl
   35         | vardecl vardecls

   36 module_argument: variable_name

   37 module_argument_list: module_argument
   38                     | module_argument_list ',' module_argument

   39 module_argument_list_opt: %empty
   40                         | module_argument_list

   41 type: ARRAY_Token NUMBER_Token DOTDOT_Token NUMBER_Token OF_Token type
   42     | BOOLEAN_Token
   43     | '{' enum_list '}'
   44     | NUMBER_Token DOTDOT_Token NUMBER_Token
   45     | usertype

   46 usertype: module_name
   47         | module_name '(' formula_list ')'

   48 enum_list: enum_element
   49          | enum_list ',' enum_element

   50 enum_element: STRING_Token

   51 vardecl: variable_name ':' type ';'

   52 assignments: assignment
   53            | assignment assignments
   54            | define
   55            | define assignments

   56 assignment: assignment_head '(' assignment_var ')' BECOMES_Token formula ';'

   57 assignment_var: variable_name

   58 assignment_head: init_Token
   59                | NEXT_Token

   60 defines: define
   61        | define defines

   62 define: assignment_var BECOMES_Token formula ';'

   63 formula: term

   64 term: variable_name
   65     | NEXT_Token '(' term ')'
   66     | '(' formula ')'
   67     | '{' formula_list '}'
   68     | INC_Token '(' term ')'
   69     | DEC_Token '(' term ')'
   70     | ADD_Token '(' term ',' term ')'
   71     | SUB_Token '(' term ',' term ')'
   72     | NUMBER_Token
   73     | CASE_Token cases ESAC_Token
   74     | SWITCH_Token '(' variable_name ')' '{' switches '}'
   75     | MINUS_Token term
   76     | term PLUS_Token term
   77     | term MINUS_Token term
   78     | term EQUIV_Token term
   79     | term IMPLIES_Token term
   80     | term XOR_Token term
   81     | term OR_Token term
   82     | term AND_Token term
   83     | NOT_Token term
   84     | AX_Token term
   85     | AF_Token term
   86     | AG_Token term
   87     | term EQUAL_Token term
   88     | term NOTEQUAL_Token term
   89     | term LT_Token term
   90     | term LE_Token term
   91     | term GT_Token term
   92     | term GE_Token term
   93     | term UNION_Token term

   94 formula_list: formula
   95             | formula_list ',' formula

   96 variable_name: qstring_list
   97              | QUOTE_Token

   98 qstring_list: QSTRING_Token
   99             | STRING_Token
  100             | qstring_list DOT_Token QSTRING_Token
  101             | qstring_list DOT_Token STRING_Token
  102             | qstring_list '[' NUMBER_Token ']'
  103             | qstring_list '(' NUMBER_Token ')'

  104 cases: %empty
  105      | cases case

  106 case: formula ':' formula ';'

  107 switches: %empty
  108         | switches switch

  109 switch: NUMBER_Token ':' term ';'


Terminals, with rules where they appear

$end (0) 0
'(' (40) 10 47 56 65 66 68 69 70 71 74 103
')' (41) 10 47 56 65 66 68 69 70 71 74 103
',' (44) 38 49 70 71 95
':' (58) 51 106 109
';' (59) 14 51 56 62 106 109
'[' (91) 102
']' (93) 102
'{' (123) 43 67 74
'}' (125) 43 67 74
error (256)
AG_Token (258) 86
AX_Token (259) 84
AF_Token (260) 85
INIT_Token (261) 17 18
TRANS_Token (262) 19 20
SPEC_Token (263) 21 22
VAR_Token (264) 15 16
DEFINE_Token (265) 25 26
ASSIGN_Token (266) 23 24
INVAR_Token (267) 27 28
FAIRNESS_Token (268) 29 30
MODULE_Token (269) 8 10
ARRAY_Token (270) 41
OF_Token (271) 41
DOTDOT_Token (272) 41 44
BOOLEAN_Token (273) 42
EXTERN_Token (274) 31 32
NEXT_Token (275) 59 65
INC_Token (276) 68
DEC_Token (277) 69
CASE_Token (278) 73
ESAC_Token (279) 73
BECOMES_Token (280) 56 62
ADD_Token (281) 70
SUB_Token (282) 71
SWITCH_Token (283) 74
init_Token (284) 58
PLUS_Token (285) 76
STRING_Token (286) 6 50 99 101
QSTRING_Token (287) 98 100
QUOTE_Token (288) 7 33 97
NUMBER_Token (289) 41 44 72 102 103 109
IMPLIES_Token (290) 79
UNION_Token (291) 93
EQUIV_Token (292) 78
XOR_Token (293) 80
OR_Token (294) 81
AND_Token (295) 82
NOT_Token (296) 83
EX_Token (297)
EF_Token (298)
EG_Token (299)
E_Token (300)
A_Token (301)
UNTIL_Token (302)
EQUAL_Token (303) 33 87
NOTEQUAL_Token (304) 88
LT_Token (305) 89
GT_Token (306) 91
LE_Token (307) 90
GE_Token (308) 92
MINUS_Token (309) 75 77
TIMES_Token (310)
DIVIDE_Token (311)
UMINUS (312)
DOT_Token (313) 100 101


Nonterminals, with rules where they appear

$accept (68)
    on left: 0
start (69)
    on left: 1 2, on right: 0
modules (70)
    on left: 3 4, on right: 1 4
module (71)
    on left: 5, on right: 3 4
module_name (72)
    on left: 6 7, on right: 8 10 46 47
module_head (73)
    on left: 8 10, on right: 5
$@1 (74)
    on left: 9, on right: 10
sections (75)
    on left: 11 12, on right: 5 12
semi_opt (76)
    on left: 13 14, on right: 17 19 21 27 29 31
section (77)
    on left: 15 16 17 18 19 20 21 22 23 24 25 26 27 28 29 30 31 32,
    on right: 12
extern_var (78)
    on left: 33, on right: 31
vardecls (79)
    on left: 34 35, on right: 15 35
module_argument (80)
    on left: 36, on right: 37 38
module_argument_list (81)
    on left: 37 38, on right: 38 40
module_argument_list_opt (82)
    on left: 39 40, on right: 10
type (83)
    on left: 41 42 43 44 45, on right: 41 51
usertype (84)
    on left: 46 47, on right: 45
enum_list (85)
    on left: 48 49, on right: 43 49
enum_element (86)
    on left: 50, on right: 48 49
vardecl (87)
    on left: 51, on right: 34 35
assignments (88)
    on left: 52 53 54 55, on right: 23 53 55
assignment (89)
    on left: 56, on right: 52 53
assignment_var (90)
    on left: 57, on right: 56 62
assignment_head (91)
    on left: 58 59, on right: 56
defines (92)
    on left: 60 61, on right: 25 61
define (93)
    on left: 62, on right: 54 55 60 61
formula (94)
    on left: 63, on right: 2 17 19 21 27 29 56 62 66 94 95 106
term (95)
    on left: 64 65 66 67 68 69 70 71 72 73 74 75 76 77 78 79 80 81
    82 83 84 85 86 87 88 89 90 91 92 93, on right: 63 65 68 69 70 71
    75 76 77 78 79 80 81 82 83 84 85 86 87 88 89 90 91 92 93 109
formula_list (96)
    on left: 94 95, on right: 47 67 95
variable_name (97)
    on left: 96 97, on right: 33 36 51 57 64 74
qstring_list (98)
    on left: 98 99 100 101 102 103, on right: 96 100 101 102 103
cases (99)
    on left: 104 105, on right: 73 105
case (100)
    on left: 106, on right: 105
switches (101)
    on left: 107 108, on right: 74 108
switch (102)
    on left: 109, on right: 108


State 0

    0 $accept: . start $end

    AG_Token       shift, and go to state 1
    AX_Token       shift, and go to state 2
    AF_Token       shift, and go to state 3
    MODULE_Token   shift, and go to state 4
    NEXT_Token     shift, and go to state 5
    INC_Token      shift, and go to state 6
    DEC_Token      shift, and go to state 7
    CASE_Token     shift, and go to state 8
    ADD_Token      shift, and go to state 9
    SUB_Token      shift, and go to state 10
    SWITCH_Token   shift, and go to state 11
    STRING_Token   shift, and go to state 12
    QSTRING_Token  shift, and go to state 13
    QUOTE_Token    shift, and go to state 14
    NUMBER_Token   shift, and go to state 15
    NOT_Token      shift, and go to state 16
    MINUS_Token    shift, and go to state 17
    '('            shift, and go to state 18
    '{'            shift, and go to state 19

    start          go to state 20
    modules        go to state 21
    module         go to state 22
    module_head    go to state 23
    formula        go to state 24
    term           go to state 25
    variable_name  go to state 26
    qstring_list   go to state 27


State 1

   86 term: AG_Token . term

    AG_Token       shift, and go to state 1
    AX_Token       shift, and go to state 2
    AF_Token       shift, and go to state 3
    NEXT_Token     shift, and go to state 5
    INC_Token      shift, and go to state 6
    DEC_Token      shift, and go to state 7
    CASE_Token     shift, and go to state 8
    ADD_Token      shift, and go to state 9
    SUB_Token      shift, and go to state 10
    SWITCH_Token   shift, and go to state 11
    STRING_Token   shift, and go to state 12
    QSTRING_Token  shift, and go to state 13
    QUOTE_Token    shift, and go to state 14
    NUMBER_Token   shift, and go to state 15
    NOT_Token      shift, and go to state 16
    MINUS_Token    shift, and go to state 17
    '('            shift, and go to state 18
    '{'            shift, and go to state 19

    term           go to state 28
    variable_name  go to state 26
    qstring_list   go to state 27


State 2

   84 term: AX_Token . term

    AG_Token       shift, and go to state 1
    AX_Token       shift, and go to state 2
    AF_Token       shift, and go to state 3
    NEXT_Token     shift, and go to state 5
    INC_Token      shift, and go to state 6
    DEC_Token      shift, and go to state 7
    CASE_Token     shift, and go to state 8
    ADD_Token      shift, and go to state 9
    SUB_Token      shift, and go to state 10
    SWITCH_Token   shift, and go to state 11
    STRING_Token   shift, and go to state 12
    QSTRING_Token  shift, and go to state 13
    QUOTE_Token    shift, and go to state 14
    NUMBER_Token   shift, and go to state 15
    NOT_Token      shift, and go to state 16
    MINUS_Token    shift, and go to state 17
    '('            shift, and go to state 18
    '{'            shift, and go to state 19

    term           go to state 29
    variable_name  go to state 26
    qstring_list   go to state 27


State 3

   85 term: AF_Token . term

    AG_Token       shift, and go to state 1
    AX_Token       shift, and go to state 2
    AF_Token       shift, and go to state 3
    NEXT_Token     shift, and go to state 5
    INC_Token      shift, and go to state 6
    DEC_Token      shift, and go to state 7
    CASE_Token     shift, and go to state 8
    ADD_Token      shift, and go to state 9
    SUB_Token      shift, and go to state 10
    SWITCH_Token   shift, and go to state 11
    STRING_Token   shift, and go to state 12
    QSTRING_Token  shift, and go to state 13
    QUOTE_Token    shift, and go to state 14
    NUMBER_Token   shift, and go to state 15
    NOT_Token      shift, and go to state 16
    MINUS_Token    shift, and go to state 17
    '('            shift, and go to state 18
    '{'            shift, and go to state 19

    term           go to state 30
    variable_name  go to state 26
    qstring_list   go to state 27


State 4

    8 module_head: MODULE_Token . module_name
   10            | MODULE_Token . module_name $@1 '(' module_argument_list_opt ')'

    STRING_Token  shift, and go to state 31
    QUOTE_Token   shift, and go to state 32

    module_name  go to state 33


State 5

   65 term: NEXT_Token . '(' term ')'

    '('  shift, and go to state 34


State 6

   68 term: INC_Token . '(' term ')'

    '('  shift, and go to state 35


State 7

   69 term: DEC_Token . '(' term ')'

    '('  shift, and go to state 36


State 8

   73 term: CASE_Token . cases ESAC_Token

    $default  reduce using rule 104 (cases)

    cases  go to state 37


State 9

   70 term: ADD_Token . '(' term ',' term ')'

    '('  shift, and go to state 38


State 10

   71 term: SUB_Token . '(' term ',' term ')'

    '('  shift, and go to state 39


State 11

   74 term: SWITCH_Token . '(' variable_name ')' '{' switches '}'

    '('  shift, and go to state 40


State 12

   99 qstring_list: STRING_Token .

    $default  reduce using rule 99 (qstring_list)


State 13

   98 qstring_list: QSTRING_Token .

    $default  reduce using rule 98 (qstring_list)


State 14

   97 variable_name: QUOTE_Token .

    $default  reduce using rule 97 (variable_name)


State 15

   72 term: NUMBER_Token .

    $default  reduce using rule 72 (term)


State 16

   83 term: NOT_Token . term

    AG_Token       shift, and go to state 1
    AX_Token       shift, and go to state 2
    AF_Token       shift, and go to state 3
    NEXT_Token     shift, and go to state 5
    INC_Token      shift, and go to state 6
    DEC_Token      shift, and go to state 7
    CASE_Token     shift, and go to state 8
    ADD_Token      shift, and go to state 9
    SUB_Token      shift, and go to state 10
    SWITCH_Token   shift, and go to state 11
    STRING_Token   shift, and go to state 12
    QSTRING_Token  shift, and go to state 13
    QUOTE_Token    shift, and go to state 14
    NUMBER_Token   shift, and go to state 15
    NOT_Token      shift, and go to state 16
    MINUS_Token    shift, and go to state 17
    '('            shift, and go to state 18
    '{'            shift, and go to state 19

    term           go to state 41
    variable_name  go to state 26
    qstring_list   go to state 27


State 17

   75 term: MINUS_Token . term

    AG_Token       shift, and go to state 1
    AX_Token       shift, and go to state 2
    AF_Token       shift, and go to state 3
    NEXT_Token     shift, and go to state 5
    INC_Token      shift, and go to state 6
    DEC_Token      shift, and go to state 7
    CASE_Token     shift, and go to state 8
    ADD_Token      shift, and go to state 9
    SUB_Token      shift, and go to state 10
    SWITCH_Token   shift, and go to state 11
    STRING_Token   shift, and go to state 12
    QSTRING_Token  shift, and go to state 13
    QUOTE_Token    shift, and go to state 14
    NUMBER_Token   shift, and go to state 15
    NOT_Token      shift, and go to state 16
    MINUS_Token    shift, and go to state 17
    '('            shift, and go to state 18
    '{'            shift, and go to state 19

    term           go to state 42
    variable_name  go to state 26
    qstring_list   go to state 27


State 18

   66 term: '(' . formula ')'

    AG_Token       shift, and go to state 1
    AX_Token       shift, and go to state 2
    AF_Token       shift, and go to state 3
    NEXT_Token     shift, and go to state 5
    INC_Token      shift, and go to state 6
    DEC_Token      shift, and go to state 7
    CASE_Token     shift, and go to state 8
    ADD_Token      shift, and go to state 9
    SUB_Token      shift, and go to state 10
    SWITCH_Token   shift, and go to state 11
    STRING_Token   shift, and go to state 12
    QSTRING_Token  shift, and go to state 13
    QUOTE_Token    shift, and go to state 14
    NUMBER_Token   shift, and go to state 15
    NOT_Token      shift, and go to state 16
    MINUS_Token    shift, and go to state 17
    '('            shift, and go to state 18
    '{'            shift, and go to state 19

    formula        go to state 43
    term           go to state 25
    variable_name  go to state 26
    qstring_list   go to state 27


State 19

   67 term: '{' . formula_list '}'

    AG_Token       shift, and go to state 1
    AX_Token       shift, and go to state 2
    AF_Token       shift, and go to state 3
    NEXT_Token     shift, and go to state 5
    INC_Token      shift, and go to state 6
    DEC_Token      shift, and go to state 7
    CASE_Token     shift, and go to state 8
    ADD_Token      shift, and go to state 9
    SUB_Token      shift, and go to state 10
    SWITCH_Token   shift, and go to state 11
    STRING_Token   shift, and go to state 12
    QSTRING_Token  shift, and go to state 13
    QUOTE_Token    shift, and go to state 14
    NUMBER_Token   shift, and go to state 15
    NOT_Token      shift, and go to state 16
    MINUS_Token    shift, and go to state 17
    '('            shift, and go to state 18
    '{'            shift, and go to state 19

    formula        go to state 44
    term           go to state 25
    formula_list   go to state 45
    variable_name  go to state 26
    qstring_list   go to state 27


State 20

    0 $accept: start . $end

    $end  shift, and go to state 46


State 21

    1 start: modules .
    4 modules: modules . module

    MODULE_Token  shift, and go to state 4

    $default  reduce using rule 1 (start)

    module       go to state 47
    module_head  go to state 23


State 22

    3 modules: module .

    $default  reduce using rule 3 (modules)


State 23

    5 module: module_head . sections

    INIT_Token      shift, and go to state 48
    TRANS_Token     shift, and go to state 49
    SPEC_Token      shift, and go to state 50
    VAR_Token       shift, and go to state 51
    DEFINE_Token    shift, and go to state 52
    ASSIGN_Token    shift, and go to state 53
    INVAR_Token     shift, and go to state 54
    FAIRNESS_Token  shift, and go to state 55
    EXTERN_Token    shift, and go to state 56

    $default  reduce using rule 11 (sections)

    sections  go to state 57
    section   go to state 58


State 24

    2 start: formula .

    $default  reduce using rule 2 (start)


State 25

   63 formula: term .
   76 term: term . PLUS_Token term
   77     | term . MINUS_Token term
   78     | term . EQUIV_Token term
   79     | term . IMPLIES_Token term
   80     | term . XOR_Token term
   81     | term . OR_Token term
   82     | term . AND_Token term
   87     | term . EQUAL_Token term
   88     | term . NOTEQUAL_Token term
   89     | term . LT_Token term
   90     | term . LE_Token term
   91     | term . GT_Token term
   92     | term . GE_Token term
   93     | term . UNION_Token term

    PLUS_Token      shift, and go to state 59
    IMPLIES_Token   shift, and go to state 60
    UNION_Token     shift, and go to state 61
    EQUIV_Token     shift, and go to state 62
    XOR_Token       shift, and go to state 63
    OR_Token        shift, and go to state 64
    AND_Token       shift, and go to state 65
    EQUAL_Token     shift, and go to state 66
    NOTEQUAL_Token  shift, and go to state 67
    LT_Token        shift, and go to state 68
    GT_Token        shift, and go to state 69
    LE_Token        shift, and go to state 70
    GE_Token        shift, and go to state 71
    MINUS_Token     shift, and go to state 72

    $default  reduce using rule 63 (formula)


State 26

   64 term: variable_name .

    $default  reduce using rule 64 (term)


State 27

   96 variable_name: qstring_list .
  100 qstring_list: qstring_list . DOT_Token QSTRING_Token
  101             | qstring_list . DOT_Token STRING_Token
  102             | qstring_list . '[' NUMBER_Token ']'
  103             | qstring_list . '(' NUMBER_Token ')'

    DOT_Token  shift, and go to state 73
    '('        shift, and go to state 74
    '['        shift, and go to state 75

    $default  reduce using rule 96 (variable_name)


State 28

   76 term: term . PLUS_Token term
   77     | term . MINUS_Token term
   78     | term . EQUIV_Token term
   79     | term . IMPLIES_Token term
   80     | term . XOR_Token term
   81     | term . OR_Token term
   82     | term . AND_Token term
   86     | AG_Token term .
   87     | term . EQUAL_Token term
   88     | term . NOTEQUAL_Token term
   89     | term . LT_Token term
   90     | term . LE_Token term
   91     | term . GT_Token term
   92     | term . GE_Token term
   93     | term . UNION_Token term

    PLUS_Token      shift, and go to state 59
    EQUAL_Token     shift, and go to state 66
    NOTEQUAL_Token  shift, and go to state 67
    LT_Token        shift, and go to state 68
    GT_Token        shift, and go to state 69
    LE_Token        shift, and go to state 70
    GE_Token        shift, and go to state 71
    MINUS_Token     shift, and go to state 72

    $default  reduce using rule 86 (term)


State 29

   76 term: term . PLUS_Token term
   77     | term . MINUS_Token term
   78     | term . EQUIV_Token term
   79     | term . IMPLIES_Token term
   80     | term . XOR_Token term
   81     | term . OR_Token term
   82     | term . AND_Token term
   84     | AX_Token term .
   87     | term . EQUAL_Token term
   88     | term . NOTEQUAL_Token term
   89     | term . LT_Token term
   90     | term . LE_Token term
   91     | term . GT_Token term
   92     | term . GE_Token term
   93     | term . UNION_Token term

    PLUS_Token      shift, and go to state 59
    EQUAL_Token     shift, and go to state 66
    NOTEQUAL_Token  shift, and go to state 67
    LT_Token        shift, and go to state 68
    GT_Token        shift, and go to state 69
    LE_Token        shift, and go to state 70
    GE_Token        shift, and go to state 71
    MINUS_Token     shift, and go to state 72

    $default  reduce using rule 84 (term)


State 30

   76 term: term . PLUS_Token term
   77     | term . MINUS_Token term
   78     | term . EQUIV_Token term
   79     | term . IMPLIES_Token term
   80     | term . XOR_Token term
   81     | term . OR_Token term
   82     | term . AND_Token term
   85     | AF_Token term .
   87     | term . EQUAL_Token term
   88     | term . NOTEQUAL_Token term
   89     | term . LT_Token term
   90     | term . LE_Token term
   91     | term . GT_Token term
   92     | term . GE_Token term
   93     | term . UNION_Token term

    PLUS_Token      shift, and go to state 59
    EQUAL_Token     shift, and go to state 66
    NOTEQUAL_Token  shift, and go to state 67
    LT_Token        shift, and go to state 68
    GT_Token        shift, and go to state 69
    LE_Token        shift, and go to state 70
    GE_Token        shift, and go to state 71
    MINUS_Token     shift, and go to state 72

    $default  reduce using rule 85 (term)


State 31

    6 module_name: STRING_Token .

    $default  reduce using rule 6 (module_name)


State 32

    7 module_name: QUOTE_Token .

    $default  reduce using rule 7 (module_name)


State 33

    8 module_head: MODULE_Token module_name .
   10            | MODULE_Token module_name . $@1 '(' module_argument_list_opt ')'

    '('       reduce using rule 9 ($@1)
    $default  reduce using rule 8 (module_head)

    $@1  go to state 76


State 34

   65 term: NEXT_Token '(' . term ')'

    AG_Token       shift, and go to state 1
    AX_Token       shift, and go to state 2
    AF_Token       shift, and go to state 3
    NEXT_Token     shift, and go to state 5
    INC_Token      shift, and go to state 6
    DEC_Token      shift, and go to state 7
    CASE_Token     shift, and go to state 8
    ADD_Token      shift, and go to state 9
    SUB_Token      shift, and go to state 10
    SWITCH_Token   shift, and go to state 11
    STRING_Token   shift, and go to state 12
    QSTRING_Token  shift, and go to state 13
    QUOTE_Token    shift, and go to state 14
    NUMBER_Token   shift, and go to state 15
    NOT_Token      shift, and go to state 16
    MINUS_Token    shift, and go to state 17
    '('            shift, and go to state 18
    '{'            shift, and go to state 19

    term           go to state 77
    variable_name  go to state 26
    qstring_list   go to state 27


State 35

   68 term: INC_Token '(' . term ')'

    AG_Token       shift, and go to state 1
    AX_Token       shift, and go to state 2
    AF_Token       shift, and go to state 3
    NEXT_Token     shift, and go to state 5
    INC_Token      shift, and go to state 6
    DEC_Token      shift, and go to state 7
    CASE_Token     shift, and go to state 8
    ADD_Token      shift, and go to state 9
    SUB_Token      shift, and go to state 10
    SWITCH_Token   shift, and go to state 11
    STRING_Token   shift, and go to state 12
    QSTRING_Token  shift, and go to state 13
    QUOTE_Token    shift, and go to state 14
    NUMBER_Token   shift, and go to state 15
    NOT_Token      shift, and go to state 16
    MINUS_Token    shift, and go to state 17
    '('            shift, and go to state 18
    '{'            shift, and go to state 19

    term           go to state 78
    variable_name  go to state 26
    qstring_list   go to state 27


State 36

   69 term: DEC_Token '(' . term ')'

    AG_Token       shift, and go to state 1
    AX_Token       shift, and go to state 2
    AF_Token       shift, and go to state 3
    NEXT_Token     shift, and go to state 5
    INC_Token      shift, and go to state 6
    DEC_Token      shift, and go to state 7
    CASE_Token     shift, and go to state 8
    ADD_Token      shift, and go to state 9
    SUB_Token      shift, and go to state 10
    SWITCH_Token   shift, and go to state 11
    STRING_Token   shift, and go to state 12
    QSTRING_Token  shift, and go to state 13
    QUOTE_Token    shift, and go to state 14
    NUMBER_Token   shift, and go to state 15
    NOT_Token      shift, and go to state 16
    MINUS_Token    shift, and go to state 17
    '('            shift, and go to state 18
    '{'            shift, and go to state 19

    term           go to state 79
    variable_name  go to state 26
    qstring_list   go to state 27


State 37

   73 term: CASE_Token cases . ESAC_Token
  105 cases: cases . case

    AG_Token       shift, and go to state 1
    AX_Token       shift, and go to state 2
    AF_Token       shift, and go to state 3
    NEXT_Token     shift, and go to state 5
    INC_Token      shift, and go to state 6
    DEC_Token      shift, and go to state 7
    CASE_Token     shift, and go to state 8
    ESAC_Token     shift, and go to state 80
    ADD_Token      shift, and go to state 9
    SUB_Token      shift, and go to state 10
    SWITCH_Token   shift, and go to state 11
    STRING_Token   shift, and go to state 12
    QSTRING_Token  shift, and go to state 13
    QUOTE_Token    shift, and go to state 14
    NUMBER_Token   shift, and go to state 15
    NOT_Token      shift, and go to state 16
    MINUS_Token    shift, and go to state 17
    '('            shift, and go to state 18
    '{'            shift, and go to state 19

    formula        go to state 81
    term           go to state 25
    variable_name  go to state 26
    qstring_list   go to state 27
    case           go to state 82


State 38

   70 term: ADD_Token '(' . term ',' term ')'

    AG_Token       shift, and go to state 1
    AX_Token       shift, and go to state 2
    AF_Token       shift, and go to state 3
    NEXT_Token     shift, and go to state 5
    INC_Token      shift, and go to state 6
    DEC_Token      shift, and go to state 7
    CASE_Token     shift, and go to state 8
    ADD_Token      shift, and go to state 9
    SUB_Token      shift, and go to state 10
    SWITCH_Token   shift, and go to state 11
    STRING_Token   shift, and go to state 12
    QSTRING_Token  shift, and go to state 13
    QUOTE_Token    shift, and go to state 14
    NUMBER_Token   shift, and go to state 15
    NOT_Token      shift, and go to state 16
    MINUS_Token    shift, and go to state 17
    '('            shift, and go to state 18
    '{'            shift, and go to state 19

    term           go to state 83
    variable_name  go to state 26
    qstring_list   go to state 27


State 39

   71 term: SUB_Token '(' . term ',' term ')'

    AG_Token       shift, and go to state 1
    AX_Token       shift, and go to state 2
    AF_Token       shift, and go to state 3
    NEXT_Token     shift, and go to state 5
    INC_Token      shift, and go to state 6
    DEC_Token      shift, and go to state 7
    CASE_Token     shift, and go to state 8
    ADD_Token      shift, and go to state 9
    SUB_Token      shift, and go to state 10
    SWITCH_Token   shift, and go to state 11
    STRING_Token   shift, and go to state 12
    QSTRING_Token  shift, and go to state 13
    QUOTE_Token    shift, and go to state 14
    NUMBER_Token   shift, and go to state 15
    NOT_Token      shift, and go to state 16
    MINUS_Token    shift, and go to state 17
    '('            shift, and go to state 18
    '{'            shift, and go to state 19

    term           go to state 84
    variable_name  go to state 26
    qstring_list   go to state 27


State 40

   74 term: SWITCH_Token '(' . variable_name ')' '{' switches '}'

    STRING_Token   shift, and go to state 12
    QSTRING_Token  shift, and go to state 13
    QUOTE_Token    shift, and go to state 14

    variable_name  go to state 85
    qstring_list   go to state 27


State 41

   76 term: term . PLUS_Token term
   77     | term . MINUS_Token term
   78     | term . EQUIV_Token term
   79     | term . IMPLIES_Token term
   80     | term . XOR_Token term
   81     | term . OR_Token term
   82     | term . AND_Token term
   83     | NOT_Token term .
   87     | term . EQUAL_Token term
   88     | term . NOTEQUAL_Token term
   89     | term . LT_Token term
   90     | term . LE_Token term
   91     | term . GT_Token term
   92     | term . GE_Token term
   93     | term . UNION_Token term

    PLUS_Token      shift, and go to state 59
    EQUAL_Token     shift, and go to state 66
    NOTEQUAL_Token  shift, and go to state 67
    LT_Token        shift, and go to state 68
    GT_Token        shift, and go to state 69
    LE_Token        shift, and go to state 70
    GE_Token        shift, and go to state 71
    MINUS_Token     shift, and go to state 72

    $default  reduce using rule 83 (term)


State 42

   75 term: MINUS_Token term .
   76     | term . PLUS_Token term
   77     | term . MINUS_Token term
   78     | term . EQUIV_Token term
   79     | term . IMPLIES_Token term
   80     | term . XOR_Token term
   81     | term . OR_Token term
   82     | term . AND_Token term
   87     | term . EQUAL_Token term
   88     | term . NOTEQUAL_Token term
   89     | term . LT_Token term
   90     | term . LE_Token term
   91     | term . GT_Token term
   92     | term . GE_Token term
   93     | term . UNION_Token term

    $default  reduce using rule 75 (term)


State 43

   66 term: '(' formula . ')'

    ')'  shift, and go to state 86


State 44

   94 formula_list: formula .

    $default  reduce using rule 94 (formula_list)


State 45

   67 term: '{' formula_list . '}'
   95 formula_list: formula_list . ',' formula

    ','  shift, and go to state 87
    '}'  shift, and go to state 88


State 46

    0 $accept: start $end .

    $default  accept


State 47

    4 modules: modules module .

    $default  reduce using rule 4 (modules)


State 48

   17 section: INIT_Token . formula semi_opt
   18        | INIT_Token .

    AG_Token       shift, and go to state 1
    AX_Token       shift, and go to state 2
    AF_Token       shift, and go to state 3
    NEXT_Token     shift, and go to state 5
    INC_Token      shift, and go to state 6
    DEC_Token      shift, and go to state 7
    CASE_Token     shift, and go to state 8
    ADD_Token      shift, and go to state 9
    SUB_Token      shift, and go to state 10
    SWITCH_Token   shift, and go to state 11
    STRING_Token   shift, and go to state 12
    QSTRING_Token  shift, and go to state 13
    QUOTE_Token    shift, and go to state 14
    NUMBER_Token   shift, and go to state 15
    NOT_Token      shift, and go to state 16
    MINUS_Token    shift, and go to state 17
    '('            shift, and go to state 18
    '{'            shift, and go to state 19

    $default  reduce using rule 18 (section)

    formula        go to state 89
    term           go to state 25
    variable_name  go to state 26
    qstring_list   go to state 27


State 49

   19 section: TRANS_Token . formula semi_opt
   20        | TRANS_Token .

    AG_Token       shift, and go to state 1
    AX_Token       shift, and go to state 2
    AF_Token       shift, and go to state 3
    NEXT_Token     shift, and go to state 5
    INC_Token      shift, and go to state 6
    DEC_Token      shift, and go to state 7
    CASE_Token     shift, and go to state 8
    ADD_Token      shift, and go to state 9
    SUB_Token      shift, and go to state 10
    SWITCH_Token   shift, and go to state 11
    STRING_Token   shift, and go to state 12
    QSTRING_Token  shift, and go to state 13
    QUOTE_Token    shift, and go to state 14
    NUMBER_Token   shift, and go to state 15
    NOT_Token      shift, and go to state 16
    MINUS_Token    shift, and go to state 17
    '('            shift, and go to state 18
    '{'            shift, and go to state 19

    $default  reduce using rule 20 (section)

    formula        go to state 90
    term           go to state 25
    variable_name  go to state 26
    qstring_list   go to state 27


State 50

   21 section: SPEC_Token . formula semi_opt
   22        | SPEC_Token .

    AG_Token       shift, and go to state 1
    AX_Token       shift, and go to state 2
    AF_Token       shift, and go to state 3
    NEXT_Token     shift, and go to state 5
    INC_Token      shift, and go to state 6
    DEC_Token      shift, and go to state 7
    CASE_Token     shift, and go to state 8
    ADD_Token      shift, and go to state 9
    SUB_Token      shift, and go to state 10
    SWITCH_Token   shift, and go to state 11
    STRING_Token   shift, and go to state 12
    QSTRING_Token  shift, and go to state 13
    QUOTE_Token    shift, and go to state 14
    NUMBER_Token   shift, and go to state 15
    NOT_Token      shift, and go to state 16
    MINUS_Token    shift, and go to state 17
    '('            shift, and go to state 18
    '{'            shift, and go to state 19

    $default  reduce using rule 22 (section)

    formula        go to state 91
    term           go to state 25
    variable_name  go to state 26
    qstring_list   go to state 27


State 51

   15 section: VAR_Token . vardecls
   16        | VAR_Token .

    STRING_Token   shift, and go to state 12
    QSTRING_Token  shift, and go to state 13
    QUOTE_Token    shift, and go to state 14

    $default  reduce using rule 16 (section)

    vardecls       go to state 92
    vardecl        go to state 93
    variable_name  go to state 94
    qstring_list   go to state 27


State 52

   25 section: DEFINE_Token . defines
   26        | DEFINE_Token .

    STRING_Token   shift, and go to state 12
    QSTRING_Token  shift, and go to state 13
    QUOTE_Token    shift, and go to state 14

    $default  reduce using rule 26 (section)

    assignment_var  go to state 95
    defines         go to state 96
    define          go to state 97
    variable_name   go to state 98
    qstring_list    go to state 27


State 53

   23 section: ASSIGN_Token . assignments
   24        | ASSIGN_Token .

    NEXT_Token     shift, and go to state 99
    init_Token     shift, and go to state 100
    STRING_Token   shift, and go to state 12
    QSTRING_Token  shift, and go to state 13
    QUOTE_Token    shift, and go to state 14

    $default  reduce using rule 24 (section)

    assignments      go to state 101
    assignment       go to state 102
    assignment_var   go to state 95
    assignment_head  go to state 103
    define           go to state 104
    variable_name    go to state 98
    qstring_list     go to state 27


State 54

   27 section: INVAR_Token . formula semi_opt
   28        | INVAR_Token .

    AG_Token       shift, and go to state 1
    AX_Token       shift, and go to state 2
    AF_Token       shift, and go to state 3
    NEXT_Token     shift, and go to state 5
    INC_Token      shift, and go to state 6
    DEC_Token      shift, and go to state 7
    CASE_Token     shift, and go to state 8
    ADD_Token      shift, and go to state 9
    SUB_Token      shift, and go to state 10
    SWITCH_Token   shift, and go to state 11
    STRING_Token   shift, and go to state 12
    QSTRING_Token  shift, and go to state 13
    QUOTE_Token    shift, and go to state 14
    NUMBER_Token   shift, and go to state 15
    NOT_Token      shift, and go to state 16
    MINUS_Token    shift, and go to state 17
    '('            shift, and go to state 18
    '{'            shift, and go to state 19

    $default  reduce using rule 28 (section)

    formula        go to state 105
    term           go to state 25
    variable_name  go to state 26
    qstring_list   go to state 27


State 55

   29 section: FAIRNESS_Token . formula semi_opt
   30        | FAIRNESS_Token .

    AG_Token       shift, and go to state 1
    AX_Token       shift, and go to state 2
    AF_Token       shift, and go to state 3
    NEXT_Token     shift, and go to state 5
    INC_Token      shift, and go to state 6
    DEC_Token      shift, and go to state 7
    CASE_Token     shift, and go to state 8
    ADD_Token      shift, and go to state 9
    SUB_Token      shift, and go to state 10
    SWITCH_Token   shift, and go to state 11
    STRING_Token   shift, and go to state 12
    QSTRING_Token  shift, and go to state 13
    QUOTE_Token    shift, and go to state 14
    NUMBER_Token   shift, and go to state 15
    NOT_Token      shift, and go to state 16
    MINUS_Token    shift, and go to state 17
    '('            shift, and go to state 18
    '{'            shift, and go to state 19

    $default  reduce using rule 30 (section)

    formula        go to state 106
    term           go to state 25
    variable_name  go to state 26
    qstring_list   go to state 27


State 56

   31 section: EXTERN_Token . extern_var semi_opt
   32        | EXTERN_Token .

    STRING_Token   shift, and go to state 12
    QSTRING_Token  shift, and go to state 13
    QUOTE_Token    shift, and go to state 14

    $default  reduce using rule 32 (section)

    extern_var     go to state 107
    variable_name  go to state 108
    qstring_list   go to state 27


State 57

    5 module: module_head sections .

    $default  reduce using rule 5 (module)


State 58

   12 sections: section . sections

    INIT_Token      shift, and go to state 48
    TRANS_Token     shift, and go to state 49
    SPEC_Token      shift, and go to state 50
    VAR_Token       shift, and go to state 51
    DEFINE_Token    shift, and go to state 52
    ASSIGN_Token    shift, and go to state 53
    INVAR_Token     shift, and go to state 54
    FAIRNESS_Token  shift, and go to state 55
    EXTERN_Token    shift, and go to state 56

    $default  reduce using rule 11 (sections)

    sections  go to state 109
    section   go to state 58


State 59

   76 term: term PLUS_Token . term

    AG_Token       shift, and go to state 1
    AX_Token       shift, and go to state 2
    AF_Token       shift, and go to state 3
    NEXT_Token     shift, and go to state 5
    INC_Token      shift, and go to state 6
    DEC_Token      shift, and go to state 7
    CASE_Token     shift, and go to state 8
    ADD_Token      shift, and go to state 9
    SUB_Token      shift, and go to state 10
    SWITCH_Token   shift, and go to state 11
    STRING_Token   shift, and go to state 12
    QSTRING_Token  shift, and go to state 13
    QUOTE_Token    shift, and go to state 14
    NUMBER_Token   shift, and go to state 15
    NOT_Token      shift, and go to state 16
    MINUS_Token    shift, and go to state 17
    '('            shift, and go to state 18
    '{'            shift, and go to state 19

    term           go to state 110
    variable_name  go to state 26
    qstring_list   go to state 27


State 60

   79 term: term IMPLIES_Token . term

    AG_Token       shift, and go to state 1
    AX_Token       shift, and go to state 2
    AF_Token       shift, and go to state 3
    NEXT_Token     shift, and go to state 5
    INC_Token      shift, and go to state 6
    DEC_Token      shift, and go to state 7
    CASE_Token     shift, and go to state 8
    ADD_Token      shift, and go to state 9
    SUB_Token      shift, and go to state 10
    SWITCH_Token   shift, and go to state 11
    STRING_Token   shift, and go to state 12
    QSTRING_Token  shift, and go to state 13
    QUOTE_Token    shift, and go to state 14
    NUMBER_Token   shift, and go to state 15
    NOT_Token      shift, and go to state 16
    MINUS_Token    shift, and go to state 17
    '('            shift, and go to state 18
    '{'            shift, and go to state 19

    term           go to state 111
    variable_name  go to state 26
    qstring_list   go to state 27


State 61

   93 term: term UNION_Token . term

    AG_Token       shift, and go to state 1
    AX_Token       shift, and go to state 2
    AF_Token       shift, and go to state 3
    NEXT_Token     shift, and go to state 5
    INC_Token      shift, and go to state 6
    DEC_Token      shift, and go to state 7
    CASE_Token     shift, and go to state 8
    ADD_Token      shift, and go to state 9
    SUB_Token      shift, and go to state 10
    SWITCH_Token   shift, and go to state 11
    STRING_Token   shift, and go to state 12
    QSTRING_Token  shift, and go to state 13
    QUOTE_Token    shift, and go to state 14
    NUMBER_Token   shift, and go to state 15
    NOT_Token      shift, and go to state 16
    MINUS_Token    shift, and go to state 17
    '('            shift, and go to state 18
    '{'            shift, and go to state 19

    term           go to state 112
    variable_name  go to state 26
    qstring_list   go to state 27


State 62

   78 term: term EQUIV_Token . term

    AG_Token       shift, and go to state 1
    AX_Token       shift, and go to state 2
    AF_Token       shift, and go to state 3
    NEXT_Token     shift, and go to state 5
    INC_Token      shift, and go to state 6
    DEC_Token      shift, and go to state 7
    CASE_Token     shift, and go to state 8
    ADD_Token      shift, and go to state 9
    SUB_Token      shift, and go to state 10
    SWITCH_Token   shift, and go to state 11
    STRING_Token   shift, and go to state 12
    QSTRING_Token  shift, and go to state 13
    QUOTE_Token    shift, and go to state 14
    NUMBER_Token   shift, and go to state 15
    NOT_Token      shift, and go to state 16
    MINUS_Token    shift, and go to state 17
    '('            shift, and go to state 18
    '{'            shift, and go to state 19

    term           go to state 113
    variable_name  go to state 26
    qstring_list   go to state 27


State 63

   80 term: term XOR_Token . term

    AG_Token       shift, and go to state 1
    AX_Token       shift, and go to state 2
    AF_Token       shift, and go to state 3
    NEXT_Token     shift, and go to state 5
    INC_Token      shift, and go to state 6
    DEC_Token      shift, and go to state 7
    CASE_Token     shift, and go to state 8
    ADD_Token      shift, and go to state 9
    SUB_Token      shift, and go to state 10
    SWITCH_Token   shift, and go to state 11
    STRING_Token   shift, and go to state 12
    QSTRING_Token  shift, and go to state 13
    QUOTE_Token    shift, and go to state 14
    NUMBER_Token   shift, and go to state 15
    NOT_Token      shift, and go to state 16
    MINUS_Token    shift, and go to state 17
    '('            shift, and go to state 18
    '{'            shift, and go to state 19

    term           go to state 114
    variable_name  go to state 26
    qstring_list   go to state 27


State 64

   81 term: term OR_Token . term

    AG_Token       shift, and go to state 1
    AX_Token       shift, and go to state 2
    AF_Token       shift, and go to state 3
    NEXT_Token     shift, and go to state 5
    INC_Token      shift, and go to state 6
    DEC_Token      shift, and go to state 7
    CASE_Token     shift, and go to state 8
    ADD_Token      shift, and go to state 9
    SUB_Token      shift, and go to state 10
    SWITCH_Token   shift, and go to state 11
    STRING_Token   shift, and go to state 12
    QSTRING_Token  shift, and go to state 13
    QUOTE_Token    shift, and go to state 14
    NUMBER_Token   shift, and go to state 15
    NOT_Token      shift, and go to state 16
    MINUS_Token    shift, and go to state 17
    '('            shift, and go to state 18
    '{'            shift, and go to state 19

    term           go to state 115
    variable_name  go to state 26
    qstring_list   go to state 27


State 65

   82 term: term AND_Token . term

    AG_Token       shift, and go to state 1
    AX_Token       shift, and go to state 2
    AF_Token       shift, and go to state 3
    NEXT_Token     shift, and go to state 5
    INC_Token      shift, and go to state 6
    DEC_Token      shift, and go to state 7
    CASE_Token     shift, and go to state 8
    ADD_Token      shift, and go to state 9
    SUB_Token      shift, and go to state 10
    SWITCH_Token   shift, and go to state 11
    STRING_Token   shift, and go to state 12
    QSTRING_Token  shift, and go to state 13
    QUOTE_Token    shift, and go to state 14
    NUMBER_Token   shift, and go to state 15
    NOT_Token      shift, and go to state 16
    MINUS_Token    shift, and go to state 17
    '('            shift, and go to state 18
    '{'            shift, and go to state 19

    term           go to state 116
    variable_name  go to state 26
    qstring_list   go to state 27


State 66

   87 term: term EQUAL_Token . term

    AG_Token       shift, and go to state 1
    AX_Token       shift, and go to state 2
    AF_Token       shift, and go to state 3
    NEXT_Token     shift, and go to state 5
    INC_Token      shift, and go to state 6
    DEC_Token      shift, and go to state 7
    CASE_Token     shift, and go to state 8
    ADD_Token      shift, and go to state 9
    SUB_Token      shift, and go to state 10
    SWITCH_Token   shift, and go to state 11
    STRING_Token   shift, and go to state 12
    QSTRING_Token  shift, and go to state 13
    QUOTE_Token    shift, and go to state 14
    NUMBER_Token   shift, and go to state 15
    NOT_Token      shift, and go to state 16
    MINUS_Token    shift, and go to state 17
    '('            shift, and go to state 18
    '{'            shift, and go to state 19

    term           go to state 117
    variable_name  go to state 26
    qstring_list   go to state 27


State 67

   88 term: term NOTEQUAL_Token . term

    AG_Token       shift, and go to state 1
    AX_Token       shift, and go to state 2
    AF_Token       shift, and go to state 3
    NEXT_Token     shift, and go to state 5
    INC_Token      shift, and go to state 6
    DEC_Token      shift, and go to state 7
    CASE_Token     shift, and go to state 8
    ADD_Token      shift, and go to state 9
    SUB_Token      shift, and go to state 10
    SWITCH_Token   shift, and go to state 11
    STRING_Token   shift, and go to state 12
    QSTRING_Token  shift, and go to state 13
    QUOTE_Token    shift, and go to state 14
    NUMBER_Token   shift, and go to state 15
    NOT_Token      shift, and go to state 16
    MINUS_Token    shift, and go to state 17
    '('            shift, and go to state 18
    '{'            shift, and go to state 19

    term           go to state 118
    variable_name  go to state 26
    qstring_list   go to state 27


State 68

   89 term: term LT_Token . term

    AG_Token       shift, and go to state 1
    AX_Token       shift, and go to state 2
    AF_Token       shift, and go to state 3
    NEXT_Token     shift, and go to state 5
    INC_Token      shift, and go to state 6
    DEC_Token      shift, and go to state 7
    CASE_Token     shift, and go to state 8
    ADD_Token      shift, and go to state 9
    SUB_Token      shift, and go to state 10
    SWITCH_Token   shift, and go to state 11
    STRING_Token   shift, and go to state 12
    QSTRING_Token  shift, and go to state 13
    QUOTE_Token    shift, and go to state 14
    NUMBER_Token   shift, and go to state 15
    NOT_Token      shift, and go to state 16
    MINUS_Token    shift, and go to state 17
    '('            shift, and go to state 18
    '{'            shift, and go to state 19

    term           go to state 119
    variable_name  go to state 26
    qstring_list   go to state 27


State 69

   91 term: term GT_Token . term

    AG_Token       shift, and go to state 1
    AX_Token       shift, and go to state 2
    AF_Token       shift, and go to state 3
    NEXT_Token     shift, and go to state 5
    INC_Token      shift, and go to state 6
    DEC_Token      shift, and go to state 7
    CASE_Token     shift, and go to state 8
    ADD_Token      shift, and go to state 9
    SUB_Token      shift, and go to state 10
    SWITCH_Token   shift, and go to state 11
    STRING_Token   shift, and go to state 12
    QSTRING_Token  shift, and go to state 13
    QUOTE_Token    shift, and go to state 14
    NUMBER_Token   shift, and go to state 15
    NOT_Token      shift, and go to state 16
    MINUS_Token    shift, and go to state 17
    '('            shift, and go to state 18
    '{'            shift, and go to state 19

    term           go to state 120
    variable_name  go to state 26
    qstring_list   go to state 27


State 70

   90 term: term LE_Token . term

    AG_Token       shift, and go to state 1
    AX_Token       shift, and go to state 2
    AF_Token       shift, and go to state 3
    NEXT_Token     shift, and go to state 5
    INC_Token      shift, and go to state 6
    DEC_Token      shift, and go to state 7
    CASE_Token     shift, and go to state 8
    ADD_Token      shift, and go to state 9
    SUB_Token      shift, and go to state 10
    SWITCH_Token   shift, and go to state 11
    STRING_Token   shift, and go to state 12
    QSTRING_Token  shift, and go to state 13
    QUOTE_Token    shift, and go to state 14
    NUMBER_Token   shift, and go to state 15
    NOT_Token      shift, and go to state 16
    MINUS_Token    shift, and go to state 17
    '('            shift, and go to state 18
    '{'            shift, and go to state 19

    term           go to state 121
    variable_name  go to state 26
    qstring_list   go to state 27


State 71

   92 term: term GE_Token . term

    AG_Token       shift, and go to state 1
    AX_Token       shift, and go to state 2
    AF_Token       shift, and go to state 3
    NEXT_Token     shift, and go to state 5
    INC_Token      shift, and go to state 6
    DEC_Token      shift, and go to state 7
    CASE_Token     shift, and go to state 8
    ADD_Token      shift, and go to state 9
    SUB_Token      shift, and go to state 10
    SWITCH_Token   shift, and go to state 11
    STRING_Token   shift, and go to state 12
    QSTRING_Token  shift, and go to state 13
    QUOTE_Token    shift, and go to state 14
    NUMBER_Token   shift, and go to state 15
    NOT_Token      shift, and go to state 16
    MINUS_Token    shift, and go to state 17
    '('            shift, and go to state 18
    '{'            shift, and go to state 19

    term           go to state 122
    variable_name  go to state 26
    qstring_list   go to state 27


State 72

   77 term: term MINUS_Token . term

    AG_Token       shift, and go to state 1
    AX_Token       shift, and go to state 2
    AF_Token       shift, and go to state 3
    NEXT_Token     shift, and go to state 5
    INC_Token      shift, and go to state 6
    DEC_Token      shift, and go to state 7
    CASE_Token     shift, and go to state 8
    ADD_Token      shift, and go to state 9
    SUB_Token      shift, and go to state 10
    SWITCH_Token   shift, and go to state 11
    STRING_Token   shift, and go to state 12
    QSTRING_Token  shift, and go to state 13
    QUOTE_Token    shift, and go to state 14
    NUMBER_Token   shift, and go to state 15
    NOT_Token      shift, and go to state 16
    MINUS_Token    shift, and go to state 17
    '('            shift, and go to state 18
    '{'            shift, and go to state 19

    term           go to state 123
    variable_name  go to state 26
    qstring_list   go to state 27


State 73

  100 qstring_list: qstring_list DOT_Token . QSTRING_Token
  101             | qstring_list DOT_Token . STRING_Token

    STRING_Token   shift, and go to state 124
    QSTRING_Token  shift, and go to state 125


State 74

  103 qstring_list: qstring_list '(' . NUMBER_Token ')'

    NUMBER_Token  shift, and go to state 126


State 75

  102 qstring_list: qstring_list '[' . NUMBER_Token ']'

    NUMBER_Token  shift, and go to state 127


State 76

   10 module_head: MODULE_Token module_name $@1 . '(' module_argument_list_opt ')'

    '('  shift, and go to state 128


State 77

   65 term: NEXT_Token '(' term . ')'
   76     | term . PLUS_Token term
   77     | term . MINUS_Token term
   78     | term . EQUIV_Token term
   79     | term . IMPLIES_Token term
   80     | term . XOR_Token term
   81     | term . OR_Token term
   82     | term . AND_Token term
   87     | term . EQUAL_Token term
   88     | term . NOTEQUAL_Token term
   89     | term . LT_Token term
   90     | term . LE_Token term
   91     | term . GT_Token term
   92     | term . GE_Token term
   93     | term . UNION_Token term

    PLUS_Token      shift, and go to state 59
    IMPLIES_Token   shift, and go to state 60
    UNION_Token     shift, and go to state 61
    EQUIV_Token     shift, and go to state 62
    XOR_Token       shift, and go to state 63
    OR_Token        shift, and go to state 64
    AND_Token       shift, and go to state 65
    EQUAL_Token     shift, and go to state 66
    NOTEQUAL_Token  shift, and go to state 67
    LT_Token        shift, and go to state 68
    GT_Token        shift, and go to state 69
    LE_Token        shift, and go to state 70
    GE_Token        shift, and go to state 71
    MINUS_Token     shift, and go to state 72
    ')'             shift, and go to state 129


State 78

   68 term: INC_Token '(' term . ')'
   76     | term . PLUS_Token term
   77     | term . MINUS_Token term
   78     | term . EQUIV_Token term
   79     | term . IMPLIES_Token term
   80     | term . XOR_Token term
   81     | term . OR_Token term
   82     | term . AND_Token term
   87     | term . EQUAL_Token term
   88     | term . NOTEQUAL_Token term
   89     | term . LT_Token term
   90     | term . LE_Token term
   91     | term . GT_Token term
   92     | term . GE_Token term
   93     | term . UNION_Token term

    PLUS_Token      shift, and go to state 59
    IMPLIES_Token   shift, and go to state 60
    UNION_Token     shift, and go to state 61
    EQUIV_Token     shift, and go to state 62
    XOR_Token       shift, and go to state 63
    OR_Token        shift, and go to state 64
    AND_Token       shift, and go to state 65
    EQUAL_Token     shift, and go to state 66
    NOTEQUAL_Token  shift, and go to state 67
    LT_Token        shift, and go to state 68
    GT_Token        shift, and go to state 69
    LE_Token        shift, and go to state 70
    GE_Token        shift, and go to state 71
    MINUS_Token     shift, and go to state 72
    ')'             shift, and go to state 130


State 79

   69 term: DEC_Token '(' term . ')'
   76     | term . PLUS_Token term
   77     | term . MINUS_Token term
   78     | term . EQUIV_Token term
   79     | term . IMPLIES_Token term
   80     | term . XOR_Token term
   81     | term . OR_Token term
   82     | term . AND_Token term
   87     | term . EQUAL_Token term
   88     | term . NOTEQUAL_Token term
   89     | term . LT_Token term
   90     | term . LE_Token term
   91     | term . GT_Token term
   92     | term . GE_Token term
   93     | term . UNION_Token term

    PLUS_Token      shift, and go to state 59
    IMPLIES_Token   shift, and go to state 60
    UNION_Token     shift, and go to state 61
    EQUIV_Token     shift, and go to state 62
    XOR_Token       shift, and go to state 63
    OR_Token        shift, and go to state 64
    AND_Token       shift, and go to state 65
    EQUAL_Token     shift, and go to state 66
    NOTEQUAL_Token  shift, and go to state 67
    LT_Token        shift, and go to state 68
    GT_Token        shift, and go to state 69
    LE_Token        shift, and go to state 70
    GE_Token        shift, and go to state 71
    MINUS_Token     shift, and go to state 72
    ')'             shift, and go to state 131


State 80

   73 term: CASE_Token cases ESAC_Token .

    $default  reduce using rule 73 (term)


State 81

  106 case: formula . ':' formula ';'

    ':'  shift, and go to state 132


State 82

  105 cases: cases case .

    $default  reduce using rule 105 (cases)


State 83

   70 term: ADD_Token '(' term . ',' term ')'
   76     | term . PLUS_Token term
   77     | term . MINUS_Token term
   78     | term . EQUIV_Token term
   79     | term . IMPLIES_Token term
   80     | term . XOR_Token term
   81     | term . OR_Token term
   82     | term . AND_Token term
   87     | term . EQUAL_Token term
   88     | term . NOTEQUAL_Token term
   89     | term . LT_Token term
   90     | term . LE_Token term
   91     | term . GT_Token term
   92     | term . GE_Token term
   93     | term . UNION_Token term

    PLUS_Token      shift, and go to state 59
    IMPLIES_Token   shift, and go to state 60
    UNION_Token     shift, and go to state 61
    EQUIV_Token     shift, and go to state 62
    XOR_Token       shift, and go to state 63
    OR_Token        shift, and go to state 64
    AND_Token       shift, and go to state 65
    EQUAL_Token     shift, and go to state 66
    NOTEQUAL_Token  shift, and go to state 67
    LT_Token        shift, and go to state 68
    GT_Token        shift, and go to state 69
    LE_Token        shift, and go to state 70
    GE_Token        shift, and go to state 71
    MINUS_Token     shift, and go to state 72
    ','             shift, and go to state 133


State 84

   71 term: SUB_Token '(' term . ',' term ')'
   76     | term . PLUS_Token term
   77     | term . MINUS_Token term
   78     | term . EQUIV_Token term
   79     | term . IMPLIES_Token term
   80     | term . XOR_Token term
   81     | term . OR_Token term
   82     | term . AND_Token term
   87     | term . EQUAL_Token term
   88     | term . NOTEQUAL_Token term
   89     | term . LT_Token term
   90     | term . LE_Token term
   91     | term . GT_Token term
   92     | term . GE_Token term
   93     | term . UNION_Token term

    PLUS_Token      shift, and go to state 59
    IMPLIES_Token   shift, and go to state 60
    UNION_Token     shift, and go to state 61
    EQUIV_Token     shift, and go to state 62
    XOR_Token       shift, and go to state 63
    OR_Token        shift, and go to state 64
    AND_Token       shift, and go to state 65
    EQUAL_Token     shift, and go to state 66
    NOTEQUAL_Token  shift, and go to state 67
    LT_Token        shift, and go to state 68
    GT_Token        shift, and go to state 69
    LE_Token        shift, and go to state 70
    GE_Token        shift, and go to state 71
    MINUS_Token     shift, and go to state 72
    ','             shift, and go to state 134


State 85

   74 term: SWITCH_Token '(' variable_name . ')' '{' switches '}'

    ')'  shift, and go to state 135


State 86

   66 term: '(' formula ')' .

    $default  reduce using rule 66 (term)


State 87

   95 formula_list: formula_list ',' . formula

    AG_Token       shift, and go to state 1
    AX_Token       shift, and go to state 2
    AF_Token       shift, and go to state 3
    NEXT_Token     shift, and go to state 5
    INC_Token      shift, and go to state 6
    DEC_Token      shift, and go to state 7
    CASE_Token     shift, and go to state 8
    ADD_Token      shift, and go to state 9
    SUB_Token      shift, and go to state 10
    SWITCH_Token   shift, and go to state 11
    STRING_Token   shift, and go to state 12
    QSTRING_Token  shift, and go to state 13
    QUOTE_Token    shift, and go to state 14
    NUMBER_Token   shift, and go to state 15
    NOT_Token      shift, and go to state 16
    MINUS_Token    shift, and go to state 17
    '('            shift, and go to state 18
    '{'            shift, and go to state 19

    formula        go to state 136
    term           go to state 25
    variable_name  go to state 26
    qstring_list   go to state 27


State 88

   67 term: '{' formula_list '}' .

    $default  reduce using rule 67 (term)


State 89

   17 section: INIT_Token formula . semi_opt

    ';'  shift, and go to state 137

    $default  reduce using rule 13 (semi_opt)

    semi_opt  go to state 138


State 90

   19 section: TRANS_Token formula . semi_opt

    ';'  shift, and go to state 137

    $default  reduce using rule 13 (semi_opt)

    semi_opt  go to state 139


State 91

   21 section: SPEC_Token formula . semi_opt

    ';'  shift, and go to state 137

    $default  reduce using rule 13 (semi_opt)

    semi_opt  go to state 140


State 92

   15 section: VAR_Token vardecls .

    $default  reduce using rule 15 (section)


State 93

   34 vardecls: vardecl .
   35         | vardecl . vardecls

    STRING_Token   shift, and go to state 12
    QSTRING_Token  shift, and go to state 13
    QUOTE_Token    shift, and go to state 14

    $default  reduce using rule 34 (vardecls)

    vardecls       go to state 141
    vardecl        go to state 93
    variable_name  go to state 94
    qstring_list   go to state 27


State 94

   51 vardecl: variable_name . ':' type ';'

    ':'  shift, and go to state 142


State 95

   62 define: assignment_var . BECOMES_Token formula ';'

    BECOMES_Token  shift, and go to state 143


State 96

   25 section: DEFINE_Token defines .

    $default  reduce using rule 25 (section)


State 97

   60 defines: define .
   61        | define . defines

    STRING_Token   shift, and go to state 12
    QSTRING_Token  shift, and go to state 13
    QUOTE_Token    shift, and go to state 14

    $default  reduce using rule 60 (defines)

    assignment_var  go to state 95
    defines         go to state 144
    define          go to state 97
    variable_name   go to state 98
    qstring_list    go to state 27


State 98

   57 assignment_var: variable_name .

    $default  reduce using rule 57 (assignment_var)


State 99

   59 assignment_head: NEXT_Token .

    $default  reduce using rule 59 (assignment_head)


State 100

   58 assignment_head: init_Token .

    $default  reduce using rule 58 (assignment_head)


State 101

   23 section: ASSIGN_Token assignments .

    $default  reduce using rule 23 (section)


State 102

   52 assignments: assignment .
   53            | assignment . assignments

    NEXT_Token     shift, and go to state 99
    init_Token     shift, and go to state 100
    STRING_Token   shift, and go to state 12
    QSTRING_Token  shift, and go to state 13
    QUOTE_Token    shift, and go to state 14

    $default  reduce using rule 52 (assignments)

    assignments      go to state 145
    assignment       go to state 102
    assignment_var   go to state 95
    assignment_head  go to state 103
    define           go to state 104
    variable_name    go to state 98
    qstring_list     go to state 27


State 103

   56 assignment: assignment_head . '(' assignment_var ')' BECOMES_Token formula ';'

    '('  shift, and go to state 146


State 104

   54 assignments: define .
   55            | define . assignments

    NEXT_Token     shift, and go to state 99
    init_Token     shift, and go to state 100
    STRING_Token   shift, and go to state 12
    QSTRING_Token  shift, and go to state 13
    QUOTE_Token    shift, and go to state 14

    $default  reduce using rule 54 (assignments)

    assignments      go to state 147
    assignment       go to state 102
    assignment_var   go to state 95
    assignment_head  go to state 103
    define           go to state 104
    variable_name    go to state 98
    qstring_list     go to state 27


State 105

   27 section: INVAR_Token formula . semi_opt

    ';'  shift, and go to state 137

    $default  reduce using rule 13 (semi_opt)

    semi_opt  go to state 148


State 106

   29 section: FAIRNESS_Token formula . semi_opt

    ';'  shift, and go to state 137

    $default  reduce using rule 13 (semi_opt)

    semi_opt  go to state 149


State 107

   31 section: EXTERN_Token extern_var . semi_opt

    ';'  shift, and go to state 137

    $default  reduce using rule 13 (semi_opt)

    semi_opt  go to state 150


State 108

   33 extern_var: variable_name . EQUAL_Token QUOTE_Token

    EQUAL_Token  shift, and go to state 151


State 109

   12 sections: section sections .

    $default  reduce using rule 12 (sections)


State 110

   76 term: term . PLUS_Token term
   76     | term PLUS_Token term .
   77     | term . MINUS_Token term
   78     | term . EQUIV_Token term
   79     | term . IMPLIES_Token term
   80     | term . XOR_Token term
   81     | term . OR_Token term
   82     | term . AND_Token term
   87     | term . EQUAL_Token term
   88     | term . NOTEQUAL_Token term
   89     | term . LT_Token term
   90     | term . LE_Token term
   91     | term . GT_Token term
   92     | term . GE_Token term
   93     | term . UNION_Token term

    $default  reduce using rule 76 (term)


State 111

   76 term: term . PLUS_Token term
   77     | term . MINUS_Token term
   78     | term . EQUIV_Token term
   79     | term . IMPLIES_Token term
   79     | term IMPLIES_Token term .
   80     | term . XOR_Token term
   81     | term . OR_Token term
   82     | term . AND_Token term
   87     | term . EQUAL_Token term
   88     | term . NOTEQUAL_Token term
   89     | term . LT_Token term
   90     | term . LE_Token term
   91     | term . GT_Token term
   92     | term . GE_Token term
   93     | term . UNION_Token term

    PLUS_Token      shift, and go to state 59
    IMPLIES_Token   shift, and go to state 60
    UNION_Token     shift, and go to state 61
    EQUIV_Token     shift, and go to state 62
    XOR_Token       shift, and go to state 63
    OR_Token        shift, and go to state 64
    AND_Token       shift, and go to state 65
    EQUAL_Token     shift, and go to state 66
    NOTEQUAL_Token  shift, and go to state 67
    LT_Token        shift, and go to state 68
    GT_Token        shift, and go to state 69
    LE_Token        shift, and go to state 70
    GE_Token        shift, and go to state 71
    MINUS_Token     shift, and go to state 72

    $default  reduce using rule 79 (term)


State 112

   76 term: term . PLUS_Token term
   77     | term . MINUS_Token term
   78     | term . EQUIV_Token term
   79     | term . IMPLIES_Token term
   80     | term . XOR_Token term
   81     | term . OR_Token term
   82     | term . AND_Token term
   87     | term . EQUAL_Token term
   88     | term . NOTEQUAL_Token term
   89     | term . LT_Token term
   90     | term . LE_Token term
   91     | term . GT_Token term
   92     | term . GE_Token term
   93     | term . UNION_Token term
   93     | term UNION_Token term .

    PLUS_Token      shift, and go to state 59
    EQUIV_Token     shift, and go to state 62
    XOR_Token       shift, and go to state 63
    OR_Token        shift, and go to state 64
    AND_Token       shift, and go to state 65
    EQUAL_Token     shift, and go to state 66
    NOTEQUAL_Token  shift, and go to state 67
    LT_Token        shift, and go to state 68
    GT_Token        shift, and go to state 69
    LE_Token        shift, and go to state 70
    GE_Token        shift, and go to state 71
    MINUS_Token     shift, and go to state 72

    $default  reduce using rule 93 (term)


State 113

   76 term: term . PLUS_Token term
   77     | term . MINUS_Token term
   78     | term . EQUIV_Token term
   78     | term EQUIV_Token term .
   79     | term . IMPLIES_Token term
   80     | term . XOR_Token term
   81     | term . OR_Token term
   82     | term . AND_Token term
   87     | term . EQUAL_Token term
   88     | term . NOTEQUAL_Token term
   89     | term . LT_Token term
   90     | term . LE_Token term
   91     | term . GT_Token term
   92     | term . GE_Token term
   93     | term . UNION_Token term

    PLUS_Token      shift, and go to state 59
    XOR_Token       shift, and go to state 63
    OR_Token        shift, and go to state 64
    AND_Token       shift, and go to state 65
    EQUAL_Token     shift, and go to state 66
    NOTEQUAL_Token  shift, and go to state 67
    LT_Token        shift, and go to state 68
    GT_Token        shift, and go to state 69
    LE_Token        shift, and go to state 70
    GE_Token        shift, and go to state 71
    MINUS_Token     shift, and go to state 72

    $default  reduce using rule 78 (term)


State 114

   76 term: term . PLUS_Token term
   77     | term . MINUS_Token term
   78     | term . EQUIV_Token term
   79     | term . IMPLIES_Token term
   80     | term . XOR_Token term
   80     | term XOR_Token term .
   81     | term . OR_Token term
   82     | term . AND_Token term
   87     | term . EQUAL_Token term
   88     | term . NOTEQUAL_Token term
   89     | term . LT_Token term
   90     | term . LE_Token term
   91     | term . GT_Token term
   92     | term . GE_Token term
   93     | term . UNION_Token term

    PLUS_Token      shift, and go to state 59
    OR_Token        shift, and go to state 64
    AND_Token       shift, and go to state 65
    EQUAL_Token     shift, and go to state 66
    NOTEQUAL_Token  shift, and go to state 67
    LT_Token        shift, and go to state 68
    GT_Token        shift, and go to state 69
    LE_Token        shift, and go to state 70
    GE_Token        shift, and go to state 71
    MINUS_Token     shift, and go to state 72

    $default  reduce using rule 80 (term)


State 115

   76 term: term . PLUS_Token term
   77     | term . MINUS_Token term
   78     | term . EQUIV_Token term
   79     | term . IMPLIES_Token term
   80     | term . XOR_Token term
   81     | term . OR_Token term
   81     | term OR_Token term .
   82     | term . AND_Token term
   87     | term . EQUAL_Token term
   88     | term . NOTEQUAL_Token term
   89     | term . LT_Token term
   90     | term . LE_Token term
   91     | term . GT_Token term
   92     | term . GE_Token term
   93     | term . UNION_Token term

    PLUS_Token      shift, and go to state 59
    AND_Token       shift, and go to state 65
    EQUAL_Token     shift, and go to state 66
    NOTEQUAL_Token  shift, and go to state 67
    LT_Token        shift, and go to state 68
    GT_Token        shift, and go to state 69
    LE_Token        shift, and go to state 70
    GE_Token        shift, and go to state 71
    MINUS_Token     shift, and go to state 72

    $default  reduce using rule 81 (term)


State 116

   76 term: term . PLUS_Token term
   77     | term . MINUS_Token term
   78     | term . EQUIV_Token term
   79     | term . IMPLIES_Token term
   80     | term . XOR_Token term
   81     | term . OR_Token term
   82     | term . AND_Token term
   82     | term AND_Token term .
   87     | term . EQUAL_Token term
   88     | term . NOTEQUAL_Token term
   89     | term . LT_Token term
   90     | term . LE_Token term
   91     | term . GT_Token term
   92     | term . GE_Token term
   93     | term . UNION_Token term

    PLUS_Token      shift, and go to state 59
    EQUAL_Token     shift, and go to state 66
    NOTEQUAL_Token  shift, and go to state 67
    LT_Token        shift, and go to state 68
    GT_Token        shift, and go to state 69
    LE_Token        shift, and go to state 70
    GE_Token        shift, and go to state 71
    MINUS_Token     shift, and go to state 72

    $default  reduce using rule 82 (term)


State 117

   76 term: term . PLUS_Token term
   77     | term . MINUS_Token term
   78     | term . EQUIV_Token term
   79     | term . IMPLIES_Token term
   80     | term . XOR_Token term
   81     | term . OR_Token term
   82     | term . AND_Token term
   87     | term . EQUAL_Token term
   87     | term EQUAL_Token term .
   88     | term . NOTEQUAL_Token term
   89     | term . LT_Token term
   90     | term . LE_Token term
   91     | term . GT_Token term
   92     | term . GE_Token term
   93     | term . UNION_Token term

    PLUS_Token   shift, and go to state 59
    MINUS_Token  shift, and go to state 72

    $default  reduce using rule 87 (term)


State 118

   76 term: term . PLUS_Token term
   77     | term . MINUS_Token term
   78     | term . EQUIV_Token term
   79     | term . IMPLIES_Token term
   80     | term . XOR_Token term
   81     | term . OR_Token term
   82     | term . AND_Token term
   87     | term . EQUAL_Token term
   88     | term . NOTEQUAL_Token term
   88     | term NOTEQUAL_Token term .
   89     | term . LT_Token term
   90     | term . LE_Token term
   91     | term . GT_Token term
   92     | term . GE_Token term
   93     | term . UNION_Token term

    PLUS_Token   shift, and go to state 59
    MINUS_Token  shift, and go to state 72

    $default  reduce using rule 88 (term)


State 119

   76 term: term . PLUS_Token term
   77     | term . MINUS_Token term
   78     | term . EQUIV_Token term
   79     | term . IMPLIES_Token term
   80     | term . XOR_Token term
   81     | term . OR_Token term
   82     | term . AND_Token term
   87     | term . EQUAL_Token term
   88     | term . NOTEQUAL_Token term
   89     | term . LT_Token term
   89     | term LT_Token term .
   90     | term . LE_Token term
   91     | term . GT_Token term
   92     | term . GE_Token term
   93     | term . UNION_Token term

    PLUS_Token   shift, and go to state 59
    MINUS_Token  shift, and go to state 72

    $default  reduce using rule 89 (term)


State 120

   76 term: term . PLUS_Token term
   77     | term . MINUS_Token term
   78     | term . EQUIV_Token term
   79     | term . IMPLIES_Token term
   80     | term . XOR_Token term
   81     | term . OR_Token term
   82     | term . AND_Token term
   87     | term . EQUAL_Token term
   88     | term . NOTEQUAL_Token term
   89     | term . LT_Token term
   90     | term . LE_Token term
   91     | term . GT_Token term
   91     | term GT_Token term .
   92     | term . GE_Token term
   93     | term . UNION_Token term

    PLUS_Token   shift, and go to state 59
    MINUS_Token  shift, and go to state 72

    $default  reduce using rule 91 (term)


State 121

   76 term: term . PLUS_Token term
   77     | term . MINUS_Token term
   78     | term . EQUIV_Token term
   79     | term . IMPLIES_Token term
   80     | term . XOR_Token term
   81     | term . OR_Token term
   82     | term . AND_Token term
   87     | term . EQUAL_Token term
   88     | term . NOTEQUAL_Token term
   89     | term . LT_Token term
   90     | term . LE_Token term
   90     | term LE_Token term .
   91     | term . GT_Token term
   92     | term . GE_Token term
   93     | term . UNION_Token term

    PLUS_Token   shift, and go to state 59
    MINUS_Token  shift, and go to state 72

    $default  reduce using rule 90 (term)


State 122

   76 term: term . PLUS_Token term
   77     | term . MINUS_Token term
   78     | term . EQUIV_Token term
   79     | term . IMPLIES_Token term
   80     | term . XOR_Token term
   81     | term . OR_Token term
   82     | term . AND_Token term
   87     | term . EQUAL_Token term
   88     | term . NOTEQUAL_Token term
   89     | term . LT_Token term
   90     | term . LE_Token term
   91     | term . GT_Token term
   92     | term . GE_Token term
   92     | term GE_Token term .
   93     | term . UNION_Token term

    PLUS_Token   shift, and go to state 59
    MINUS_Token  shift, and go to state 72

    $default  reduce using rule 92 (term)


State 123

   76 term: term . PLUS_Token term
   77     | term . MINUS_Token term
   77     | term MINUS_Token term .
   78     | term . EQUIV_Token term
   79     | term . IMPLIES_Token term
   80     | term . XOR_Token term
   81     | term . OR_Token term
   82     | term . AND_Token term
   87     | term . EQUAL_Token term
   88     | term . NOTEQUAL_Token term
   89     | term . LT_Token term
   90     | term . LE_Token term
   91     | term . GT_Token term
   92     | term . GE_Token term
   93     | term . UNION_Token term

    $default  reduce using rule 77 (term)


State 124

  101 qstring_list: qstring_list DOT_Token STRING_Token .

    $default  reduce using rule 101 (qstring_list)


State 125

  100 qstring_list: qstring_list DOT_Token QSTRING_Token .

    $default  reduce using rule 100 (qstring_list)


State 126

  103 qstring_list: qstring_list '(' NUMBER_Token . ')'

    ')'  shift, and go to state 152


State 127

  102 qstring_list: qstring_list '[' NUMBER_Token . ']'

    ']'  shift, and go to state 153


State 128

   10 module_head: MODULE_Token module_name $@1 '(' . module_argument_list_opt ')'

    STRING_Token   shift, and go to state 12
    QSTRING_Token  shift, and go to state 13
    QUOTE_Token    shift, and go to state 14

    $default  reduce using rule 39 (module_argument_list_opt)

    module_argument           go to state 154
    module_argument_list      go to state 155
    module_argument_list_opt  go to state 156
    variable_name             go to state 157
    qstring_list              go to state 27


State 129

   65 term: NEXT_Token '(' term ')' .

    $default  reduce using rule 65 (term)


State 130

   68 term: INC_Token '(' term ')' .

    $default  reduce using rule 68 (term)


State 131

   69 term: DEC_Token '(' term ')' .

    $default  reduce using rule 69 (term)


State 132

  106 case: formula ':' . formula ';'

    AG_Token       shift, and go to state 1
    AX_Token       shift, and go to state 2
    AF_Token       shift, and go to state 3
    NEXT_Token     shift, and go to state 5
    INC_Token      shift, and go to state 6
    DEC_Token      shift, and go to state 7
    CASE_Token     shift, and go to state 8
    ADD_Token      shift, and go to state 9
    SUB_Token      shift, and go to state 10
    SWITCH_Token   shift, and go to state 11
    STRING_Token   shift, and go to state 12
    QSTRING_Token  shift, and go to state 13
    QUOTE_Token    shift, and go to state 14
    NUMBER_Token   shift, and go to state 15
    NOT_Token      shift, and go to state 16
    MINUS_Token    shift, and go to state 17
    '('            shift, and go to state 18
    '{'            shift, and go to state 19

    formula        go to state 158
    term           go to state 25
    variable_name  go to state 26
    qstring_list   go to state 27


State 133

   70 term: ADD_Token '(' term ',' . term ')'

    AG_Token       shift, and go to state 1
    AX_Token       shift, and go to state 2
    AF_Token       shift, and go to state 3
    NEXT_Token     shift, and go to state 5
    INC_Token      shift, and go to state 6
    DEC_Token      shift, and go to state 7
    CASE_Token     shift, and go to state 8
    ADD_Token      shift, and go to state 9
    SUB_Token      shift, and go to state 10
    SWITCH_Token   shift, and go to state 11
    STRING_Token   shift, and go to state 12
    QSTRING_Token  shift, and go to state 13
    QUOTE_Token    shift, and go to state 14
    NUMBER_Token   shift, and go to state 15
    NOT_Token      shift, and go to state 16
    MINUS_Token    shift, and go to state 17
    '('            shift, and go to state 18
    '{'            shift, and go to state 19

    term           go to state 159
    variable_name  go to state 26
    qstring_list   go to state 27


State 134

   71 term: SUB_Token '(' term ',' . term ')'

    AG_Token       shift, and go to state 1
    AX_Token       shift, and go to state 2
    AF_Token       shift, and go to state 3
    NEXT_Token     shift, and go to state 5
    INC_Token      shift, and go to state 6
    DEC_Token      shift, and go to state 7
    CASE_Token     shift, and go to state 8
    ADD_Token      shift, and go to state 9
    SUB_Token      shift, and go to state 10
    SWITCH_Token   shift, and go to state 11
    STRING_Token   shift, and go to state 12
    QSTRING_Token  shift, and go to state 13
    QUOTE_Token    shift, and go to state 14
    NUMBER_Token   shift, and go to state 15
    NOT_Token      shift, and go to state 16
    MINUS_Token    shift, and go to state 17
    '('            shift, and go to state 18
    '{'            shift, and go to state 19

    term           go to state 160
    variable_name  go to state 26
    qstring_list   go to state 27


State 135

   74 term: SWITCH_Token '(' variable_name ')' . '{' switches '}'

    '{'  shift, and go to state 161


State 136

   95 formula_list: formula_list ',' formula .

    $default  reduce using rule 95 (formula_list)


State 137

   14 semi_opt: ';' .

    $default  reduce using rule 14 (semi_opt)


State 138

   17 section: INIT_Token formula semi_opt .

    $default  reduce using rule 17 (section)


State 139

   19 section: TRANS_Token formula semi_opt .

    $default  reduce using rule 19 (section)


State 140

   21 section: SPEC_Token formula semi_opt .

    $default  reduce using rule 21 (section)


State 141

   35 vardecls: vardecl vardecls .

    $default  reduce using rule 35 (vardecls)


State 142

   51 vardecl: variable_name ':' . type ';'

    ARRAY_Token    shift, and go to state 162
    BOOLEAN_Token  shift, and go to state 163
    STRING_Token   shift, and go to state 31
    QUOTE_Token    shift, and go to state 32
    NUMBER_Token   shift, and go to state 164
    '{'            shift, and go to state 165

    module_name  go to state 166
    type         go to state 167
    usertype     go to state 168


State 143

   62 define: assignment_var BECOMES_Token . formula ';'

    AG_Token       shift, and go to state 1
    AX_Token       shift, and go to state 2
    AF_Token       shift, and go to state 3
    NEXT_Token     shift, and go to state 5
    INC_Token      shift, and go to state 6
    DEC_Token      shift, and go to state 7
    CASE_Token     shift, and go to state 8
    ADD_Token      shift, and go to state 9
    SUB_Token      shift, and go to state 10
    SWITCH_Token   shift, and go to state 11
    STRING_Token   shift, and go to state 12
    QSTRING_Token  shift, and go to state 13
    QUOTE_Token    shift, and go to state 14
    NUMBER_Token   shift, and go to state 15
    NOT_Token      shift, and go to state 16
    MINUS_Token    shift, and go to state 17
    '('            shift, and go to state 18
    '{'            shift, and go to state 19

    formula        go to state 169
    term           go to state 25
    variable_name  go to state 26
    qstring_list   go to state 27


State 144

   61 defines: define defines .

    $default  reduce using rule 61 (defines)


State 145

   53 assignments: assignment assignments .

    $default  reduce using rule 53 (assignments)


State 146

   56 assignment: assignment_head '(' . assignment_var ')' BECOMES_Token formula ';'

    STRING_Token   shift, and go to state 12
    QSTRING_Token  shift, and go to state 13
    QUOTE_Token    shift, and go to state 14

    assignment_var  go to state 170
    variable_name   go to state 98
    qstring_list    go to state 27


State 147

   55 assignments: define assignments .

    $default  reduce using rule 55 (assignments)


State 148

   27 section: INVAR_Token formula semi_opt .

    $default  reduce using rule 27 (section)


State 149

   29 section: FAIRNESS_Token formula semi_opt .

    $default  reduce using rule 29 (section)


State 150

   31 section: EXTERN_Token extern_var semi_opt .

    $default  reduce using rule 31 (section)


State 151

   33 extern_var: variable_name EQUAL_Token . QUOTE_Token

    QUOTE_Token  shift, and go to state 171


State 152

  103 qstring_list: qstring_list '(' NUMBER_Token ')' .

    $default  reduce using rule 103 (qstring_list)


State 153

  102 qstring_list: qstring_list '[' NUMBER_Token ']' .

    $default  reduce using rule 102 (qstring_list)


State 154

   37 module_argument_list: module_argument .

    $default  reduce using rule 37 (module_argument_list)


State 155

   38 module_argument_list: module_argument_list . ',' module_argument
   40 module_argument_list_opt: module_argument_list .

    ','  shift, and go to state 172

    $default  reduce using rule 40 (module_argument_list_opt)


State 156

   10 module_head: MODULE_Token module_name $@1 '(' module_argument_list_opt . ')'

    ')'  shift, and go to state 173


State 157

   36 module_argument: variable_name .

    $default  reduce using rule 36 (module_argument)


State 158

  106 case: formula ':' formula . ';'

    ';'  shift, and go to state 174


State 159

   70 term: ADD_Token '(' term ',' term . ')'
   76     | term . PLUS_Token term
   77     | term . MINUS_Token term
   78     | term . EQUIV_Token term
   79     | term . IMPLIES_Token term
   80     | term . XOR_Token term
   81     | term . OR_Token term
   82     | term . AND_Token term
   87     | term . EQUAL_Token term
   88     | term . NOTEQUAL_Token term
   89     | term . LT_Token term
   90     | term . LE_Token term
   91     | term . GT_Token term
   92     | term . GE_Token term
   93     | term . UNION_Token term

    PLUS_Token      shift, and go to state 59
    IMPLIES_Token   shift, and go to state 60
    UNION_Token     shift, and go to state 61
    EQUIV_Token     shift, and go to state 62
    XOR_Token       shift, and go to state 63
    OR_Token        shift, and go to state 64
    AND_Token       shift, and go to state 65
    EQUAL_Token     shift, and go to state 66
    NOTEQUAL_Token  shift, and go to state 67
    LT_Token        shift, and go to state 68
    GT_Token        shift, and go to state 69
    LE_Token        shift, and go to state 70
    GE_Token        shift, and go to state 71
    MINUS_Token     shift, and go to state 72
    ')'             shift, and go to state 175


State 160

   71 term: SUB_Token '(' term ',' term . ')'
   76     | term . PLUS_Token term
   77     | term . MINUS_Token term
   78     | term . EQUIV_Token term
   79     | term . IMPLIES_Token term
   80     | term . XOR_Token term
   81     | term . OR_Token term
   82     | term . AND_Token term
   87     | term . EQUAL_Token term
   88     | term . NOTEQUAL_Token term
   89     | term . LT_Token term
   90     | term . LE_Token term
   91     | term . GT_Token term
   92     | term . GE_Token term
   93     | term . UNION_Token term

    PLUS_Token      shift, and go to state 59
    IMPLIES_Token   shift, and go to state 60
    UNION_Token     shift, and go to state 61
    EQUIV_Token     shift, and go to state 62
    XOR_Token       shift, and go to state 63
    OR_Token        shift, and go to state 64
    AND_Token       shift, and go to state 65
    EQUAL_Token     shift, and go to state 66
    NOTEQUAL_Token  shift, and go to state 67
    LT_Token        shift, and go to state 68
    GT_Token        shift, and go to state 69
    LE_Token        shift, and go to state 70
    GE_Token        shift, and go to state 71
    MINUS_Token     shift, and go to state 72
    ')'             shift, and go to state 176


State 161

   74 term: SWITCH_Token '(' variable_name ')' '{' . switches '}'

    $default  reduce using rule 107 (switches)

    switches  go to state 177


State 162

   41 type: ARRAY_Token . NUMBER_Token DOTDOT_Token NUMBER_Token OF_Token type

    NUMBER_Token  shift, and go to state 178


State 163

   42 type: BOOLEAN_Token .

    $default  reduce using rule 42 (type)


State 164

   44 type: NUMBER_Token . DOTDOT_Token NUMBER_Token

    DOTDOT_Token  shift, and go to state 179


State 165

   43 type: '{' . enum_list '}'

    STRING_Token  shift, and go to state 180

    enum_list     go to state 181
    enum_element  go to state 182


State 166

   46 usertype: module_name .
   47         | module_name . '(' formula_list ')'

    '('  shift, and go to state 183

    $default  reduce using rule 46 (usertype)


State 167

   51 vardecl: variable_name ':' type . ';'

    ';'  shift, and go to state 184


State 168

   45 type: usertype .

    $default  reduce using rule 45 (type)


State 169

   62 define: assignment_var BECOMES_Token formula . ';'

    ';'  shift, and go to state 185


State 170

   56 assignment: assignment_head '(' assignment_var . ')' BECOMES_Token formula ';'

    ')'  shift, and go to state 186


State 171

   33 extern_var: variable_name EQUAL_Token QUOTE_Token .

    $default  reduce using rule 33 (extern_var)


State 172

   38 module_argument_list: module_argument_list ',' . module_argument

    STRING_Token   shift, and go to state 12
    QSTRING_Token  shift, and go to state 13
    QUOTE_Token    shift, and go to state 14

    module_argument  go to state 187
    variable_name    go to state 157
    qstring_list     go to state 27


State 173

   10 module_head: MODULE_Token module_name $@1 '(' module_argument_list_opt ')' .

    $default  reduce using rule 10 (module_head)


State 174

  106 case: formula ':' formula ';' .

    $default  reduce using rule 106 (case)


State 175

   70 term: ADD_Token '(' term ',' term ')' .

    $default  reduce using rule 70 (term)


State 176

   71 term: SUB_Token '(' term ',' term ')' .

    $default  reduce using rule 71 (term)


State 177

   74 term: SWITCH_Token '(' variable_name ')' '{' switches . '}'
  108 switches: switches . switch

    NUMBER_Token  shift, and go to state 188
    '}'           shift, and go to state 189

    switch  go to state 190


State 178

   41 type: ARRAY_Token NUMBER_Token . DOTDOT_Token NUMBER_Token OF_Token type

    DOTDOT_Token  shift, and go to state 191


State 179

   44 type: NUMBER_Token DOTDOT_Token . NUMBER_Token

    NUMBER_Token  shift, and go to state 192


State 180

   50 enum_element: STRING_Token .

    $default  reduce using rule 50 (enum_element)


State 181

   43 type: '{' enum_list . '}'
   49 enum_list: enum_list . ',' enum_element

    ','  shift, and go to state 193
    '}'  shift, and go to state 194


State 182

   48 enum_list: enum_element .

    $default  reduce using rule 48 (enum_list)


State 183

   47 usertype: module_name '(' . formula_list ')'

    AG_Token       shift, and go to state 1
    AX_Token       shift, and go to state 2
    AF_Token       shift, and go to state 3
    NEXT_Token     shift, and go to state 5
    INC_Token      shift, and go to state 6
    DEC_Token      shift, and go to state 7
    CASE_Token     shift, and go to state 8
    ADD_Token      shift, and go to state 9
    SUB_Token      shift, and go to state 10
    SWITCH_Token   shift, and go to state 11
    STRING_Token   shift, and go to state 12
    QSTRING_Token  shift, and go to state 13
    QUOTE_Token    shift, and go to state 14
    NUMBER_Token   shift, and go to state 15
    NOT_Token      shift, and go to state 16
    MINUS_Token    shift, and go to state 17
    '('            shift, and go to state 18
    '{'            shift, and go to state 19

    formula        go to state 44
    term           go to state 25
    formula_list   go to state 195
    variable_name  go to state 26
    qstring_list   go to state 27


State 184

   51 vardecl: variable_name ':' type ';' .

    $default  reduce using rule 51 (vardecl)


State 185

   62 define: assignment_var BECOMES_Token formula ';' .

    $default  reduce using rule 62 (define)


State 186

   56 assignment: assignment_head '(' assignment_var ')' . BECOMES_Token formula ';'

    BECOMES_Token  shift, and go to state 196


State 187

   38 module_argument_list: module_argument_list ',' module_argument .

    $default  reduce using rule 38 (module_argument_list)


State 188

  109 switch: NUMBER_Token . ':' term ';'

    ':'  shift, and go to state 197


State 189

   74 term: SWITCH_Token '(' variable_name ')' '{' switches '}' .

    $default  reduce using rule 74 (term)


State 190

  108 switches: switches switch .

    $default  reduce using rule 108 (switches)


State 191

   41 type: ARRAY_Token NUMBER_Token DOTDOT_Token . NUMBER_Token OF_Token type

    NUMBER_Token  shift, and go to state 198


State 192

   44 type: NUMBER_Token DOTDOT_Token NUMBER_Token .

    $default  reduce using rule 44 (type)


State 193

   49 enum_list: enum_list ',' . enum_element

    STRING_Token  shift, and go to state 180

    enum_element  go to state 199


State 194

   43 type: '{' enum_list '}' .

    $default  reduce using rule 43 (type)


State 195

   47 usertype: module_name '(' formula_list . ')'
   95 formula_list: formula_list . ',' formula

    ')'  shift, and go to state 200
    ','  shift, and go to state 87


State 196

   56 assignment: assignment_head '(' assignment_var ')' BECOMES_Token . formula ';'

    AG_Token       shift, and go to state 1
    AX_Token       shift, and go to state 2
    AF_Token       shift, and go to state 3
    NEXT_Token     shift, and go to state 5
    INC_Token      shift, and go to state 6
    DEC_Token      shift, and go to state 7
    CASE_Token     shift, and go to state 8
    ADD_Token      shift, and go to state 9
    SUB_Token      shift, and go to state 10
    SWITCH_Token   shift, and go to state 11
    STRING_Token   shift, and go to state 12
    QSTRING_Token  shift, and go to state 13
    QUOTE_Token    shift, and go to state 14
    NUMBER_Token   shift, and go to state 15
    NOT_Token      shift, and go to state 16
    MINUS_Token    shift, and go to state 17
    '('            shift, and go to state 18
    '{'            shift, and go to state 19

    formula        go to state 201
    term           go to state 25
    variable_name  go to state 26
    qstring_list   go to state 27


State 197

  109 switch: NUMBER_Token ':' . term ';'

    AG_Token       shift, and go to state 1
    AX_Token       shift, and go to state 2
    AF_Token       shift, and go to state 3
    NEXT_Token     shift, and go to state 5
    INC_Token      shift, and go to state 6
    DEC_Token      shift, and go to state 7
    CASE_Token     shift, and go to state 8
    ADD_Token      shift, and go to state 9
    SUB_Token      shift, and go to state 10
    SWITCH_Token   shift, and go to state 11
    STRING_Token   shift, and go to state 12
    QSTRING_Token  shift, and go to state 13
    QUOTE_Token    shift, and go to state 14
    NUMBER_Token   shift, and go to state 15
    NOT_Token      shift, and go to state 16
    MINUS_Token    shift, and go to state 17
    '('            shift, and go to state 18
    '{'            shift, and go to state 19

    term           go to state 202
    variable_name  go to state 26
    qstring_list   go to state 27


State 198

   41 type: ARRAY_Token NUMBER_Token DOTDOT_Token NUMBER_Token . OF_Token type

    OF_Token  shift, and go to state 203


State 199

   49 enum_list: enum_list ',' enum_element .

    $default  reduce using rule 49 (enum_list)


State 200

   47 usertype: module_name '(' formula_list ')' .

    $default  reduce using rule 47 (usertype)


State 201

   56 assignment: assignment_head '(' assignment_var ')' BECOMES_Token formula . ';'

    ';'  shift, and go to state 204


State 202

   76 term: term . PLUS_Token term
   77     | term . MINUS_Token term
   78     | term . EQUIV_Token term
   79     | term . IMPLIES_Token term
   80     | term . XOR_Token term
   81     | term . OR_Token term
   82     | term . AND_Token term
   87     | term . EQUAL_Token term
   88     | term . NOTEQUAL_Token term
   89     | term . LT_Token term
   90     | term . LE_Token term
   91     | term . GT_Token term
   92     | term . GE_Token term
   93     | term . UNION_Token term
  109 switch: NUMBER_Token ':' term . ';'

    PLUS_Token      shift, and go to state 59
    IMPLIES_Token   shift, and go to state 60
    UNION_Token     shift, and go to state 61
    EQUIV_Token     shift, and go to state 62
    XOR_Token       shift, and go to state 63
    OR_Token        shift, and go to state 64
    AND_Token       shift, and go to state 65
    EQUAL_Token     shift, and go to state 66
    NOTEQUAL_Token  shift, and go to state 67
    LT_Token        shift, and go to state 68
    GT_Token        shift, and go to state 69
    LE_Token        shift, and go to state 70
    GE_Token        shift, and go to state 71
    MINUS_Token     shift, and go to state 72
    ';'             shift, and go to state 205


State 203

   41 type: ARRAY_Token NUMBER_Token DOTDOT_Token NUMBER_Token OF_Token . type

    ARRAY_Token    shift, and go to state 162
    BOOLEAN_Token  shift, and go to state 163
    STRING_Token   shift, and go to state 31
    QUOTE_Token    shift, and go to state 32
    NUMBER_Token   shift, and go to state 164
    '{'            shift, and go to state 165

    module_name  go to state 166
    type         go to state 206
    usertype     go to state 168


State 204

   56 assignment: assignment_head '(' assignment_var ')' BECOMES_Token formula ';' .

    $default  reduce using rule 56 (assignment)


State 205

  109 switch: NUMBER_Token ':' term ';' .

    $default  reduce using rule 109 (switch)


State 206

   41 type: ARRAY_Token NUMBER_Token DOTDOT_Token NUMBER_Token OF_Token type .

    $default  reduce using rule 41 (type)
